<?xml version="1.0" encoding="UTF-8"?>
<!-- Generated by org.testng.reporters.JUnitReportReporter -->
<testsuite hostname="LAPTOP-3HNND56P" failures="0" tests="1" name="restAPI.GetRequest" time="2.010" errors="0" timestamp="19 Jun 2022 04:32:59 GMT" skipped="0">
  <testcase classname="restAPI.GetRequest" name="test1" time="2.010"/>
</testsuite> <!-- restAPI.GetRequest -->
