<?xml version="1.0" encoding="UTF-8"?>
<!-- Generated by org.testng.reporters.JUnitReportReporter -->
<testsuite hostname="LAPTOP-3HNND56P" failures="0" tests="1" name="restAPI.PutRequest" time="5.238" errors="0" timestamp="19 Jun 2022 04:29:13 GMT" skipped="0">
  <testcase classname="restAPI.PutRequest" name="test1" time="5.238"/>
</testsuite> <!-- restAPI.PutRequest -->
