<?xml version="1.0" encoding="UTF-8"?>
<!-- Generated by org.testng.reporters.JUnitReportReporter -->
<testsuite hostname="LAPTOP-3HNND56P" failures="0" tests="1" name="restAPI.GetRequestWithParams" time="8.343" errors="0" timestamp="18 Jun 2022 09:58:40 GMT" skipped="0">
  <testcase classname="restAPI.GetRequestWithParams" name="test1" time="8.343"/>
</testsuite> <!-- restAPI.GetRequestWithParams -->
