<?xml version="1.0" encoding="UTF-8"?>
<!-- Generated by org.testng.reporters.JUnitReportReporter -->
<testsuite hostname="LAPTOP-3HNND56P" failures="0" tests="2" name="restAPIXML.XMLTest" time="4.450" errors="0" timestamp="19 Jun 2022 10:57:04 GMT" skipped="0">
  <testcase classname="restAPIXML.XMLTest" name="test2" time="1.574"/>
  <testcase classname="restAPIXML.XMLTest" name="test1" time="2.876"/>
</testsuite> <!-- restAPIXML.XMLTest -->
