<?xml version="1.0" encoding="UTF-8"?>
<!-- Generated by org.testng.reporters.JUnitReportReporter -->
<testsuite hostname="LAPTOP-3HNND56P" failures="0" tests="1" name="restBDD.DeleteRequestBDD" time="1.964" errors="0" timestamp="19 Jun 2022 10:24:45 GMT" skipped="0">
  <testcase classname="restBDD.DeleteRequestBDD" name="test1" time="1.964"/>
</testsuite> <!-- restBDD.DeleteRequestBDD -->
