<?xml version="1.0" encoding="UTF-8"?>
<!-- Generated by org.testng.reporters.JUnitReportReporter -->
<testsuite hostname="LAPTOP-3HNND56P" failures="0" tests="1" name="restAPI.PostRequest" time="7.942" errors="0" timestamp="18 Jun 2022 10:19:37 GMT" skipped="0">
  <testcase classname="restAPI.PostRequest" name="test1" time="7.942"/>
</testsuite> <!-- restAPI.PostRequest -->
