<?xml version="1.0" encoding="UTF-8"?>
<!-- Generated by org.testng.reporters.JUnitReportReporter -->
<testsuite hostname="LAPTOP-3HNND56P" failures="0" tests="2" name="gitHub.EndToEndTest" time="3.910" errors="0" timestamp="19 Jun 2022 07:21:03 GMT" skipped="0">
  <testcase classname="gitHub.EndToEndTest" name="test1" time="2.380"/>
  <testcase classname="gitHub.EndToEndTest" name="test2" time="1.530"/>
</testsuite> <!-- gitHub.EndToEndTest -->
