<?xml version="1.0" encoding="UTF-8"?>
<!-- Generated by org.testng.reporters.JUnitReportReporter -->
<testsuite hostname="LAPTOP-3HNND56P" failures="0" tests="1" name="restAPI.PostRequestWithMap" time="5.814" errors="0" timestamp="18 Jun 2022 10:34:47 GMT" skipped="0">
  <testcase classname="restAPI.PostRequestWithMap" name="test1" time="5.814"/>
</testsuite> <!-- restAPI.PostRequestWithMap -->
