<?xml version="1.0" encoding="UTF-8"?>
<!-- Generated by org.testng.reporters.JUnitReportReporter -->
<testsuite hostname="LAPTOP-3HNND56P" failures="0" tests="1" name="restBDD.PostRequestBDD" time="2.968" errors="0" timestamp="19 Jun 2022 10:21:02 GMT" skipped="0">
  <testcase classname="restBDD.PostRequestBDD" name="test1" time="2.968"/>
</testsuite> <!-- restBDD.PostRequestBDD -->
