<?xml version="1.0" encoding="UTF-8"?>
<!-- Generated by org.testng.reporters.JUnitReportReporter -->
<testsuite hostname="LAPTOP-3HNND56P" failures="0" tests="1" name="restBDD.GetRequestBDD" time="2.585" errors="0" timestamp="19 Jun 2022 10:01:11 GMT" skipped="0">
  <testcase classname="restBDD.GetRequestBDD" name="test4" time="2.585"/>
</testsuite> <!-- restBDD.GetRequestBDD -->
