<?xml version="1.0" encoding="UTF-8"?>
<!-- Generated by org.testng.reporters.JUnitReportReporter -->
<testsuite hostname="LAPTOP-3HNND56P" failures="0" tests="1" name="restAPI.PostRequestWithFile" time="4.194" errors="0" timestamp="18 Jun 2022 10:52:45 GMT" skipped="0">
  <testcase classname="restAPI.PostRequestWithFile" name="test1" time="4.194"/>
</testsuite> <!-- restAPI.PostRequestWithFile -->
