<?xml version="1.0" encoding="UTF-8"?>
<!-- Generated by org.testng.reporters.JUnitReportReporter -->
<testsuite hostname="LAPTOP-3HNND56P" failures="0" tests="1" name="restAPI.PostRequestWithJsonObject" time="3.613" errors="0" timestamp="18 Jun 2022 10:27:53 GMT" skipped="0">
  <testcase classname="restAPI.PostRequestWithJsonObject" name="test1" time="3.613"/>
</testsuite> <!-- restAPI.PostRequestWithJsonObject -->
