<?xml version="1.0" encoding="UTF-8"?>
<!-- Generated by org.testng.reporters.JUnitReportReporter -->
<testsuite hostname="LAPTOP-3HNND56P" failures="0" tests="1" name="apiChaining.EndToEndTest" time="3.360" errors="0" timestamp="19 Jun 2022 06:30:50 GMT" skipped="0">
  <testcase classname="apiChaining.EndToEndTest" name="test1" time="3.360"/>
</testsuite> <!-- apiChaining.EndToEndTest -->
